This file contains any messages produced by compilers while
running configure, to aid debugging if configure makes a mistake.

It was created by configure, which was
generated by GNU Autoconf 2.67.  Invocation command line was

  $ ./configure 

## --------- ##
## Platform. ##
## --------- ##

hostname = chevilio
uname -m = i686
uname -r = 2.6.35-30-generic
uname -s = Linux
uname -v = #61-Ubuntu SMP Tue Oct 11 15:29:15 UTC 2011

/usr/bin/uname -p = unknown
/bin/uname -X     = unknown

/bin/arch              = unknown
/usr/bin/arch -k       = unknown
/usr/convex/getsysinfo = unknown
/usr/bin/hostinfo      = unknown
/bin/machine           = unknown
/usr/bin/oslevel       = unknown
/bin/universe          = unknown

PATH: /usr/local/sbin
PATH: /usr/local/bin
PATH: /usr/sbin
PATH: /usr/bin
PATH: /sbin
PATH: /bin


## ----------- ##
## Core tests. ##
## ----------- ##

configure:2525: checking for a BSD-compatible install
configure:2593: result: /usr/bin/install -c
configure:2604: checking whether build environment is sane
configure:2654: result: yes
configure:2795: checking for a thread-safe mkdir -p
configure:2834: result: /bin/mkdir -p
configure:2847: checking for gawk
configure:2863: found /usr/bin/gawk
configure:2874: result: gawk
configure:2885: checking whether make sets $(MAKE)
configure:2907: result: yes
configure:3042: checking for gcc
configure:3058: found /usr/bin/gcc
configure:3069: result: gcc
configure:3298: checking for C compiler version
configure:3307: gcc --version >&5
gcc (Ubuntu/Linaro 4.4.4-14ubuntu5) 4.4.5
Copyright (C) 2010 Free Software Foundation, Inc.
This is free software; see the source for copying conditions.  There is NO
warranty; not even for MERCHANTABILITY or FITNESS FOR A PARTICULAR PURPOSE.

configure:3318: $? = 0
configure:3307: gcc -v >&5
Using built-in specs.
Target: i686-linux-gnu
Configured with: ../src/configure -v --with-pkgversion='Ubuntu/Linaro 4.4.4-14ubuntu5' --with-bugurl=file:///usr/share/doc/gcc-4.4/README.Bugs --enable-languages=c,c++,fortran,objc,obj-c++ --prefix=/usr --program-suffix=-4.4 --enable-shared --enable-multiarch --enable-linker-build-id --with-system-zlib --libexecdir=/usr/lib --without-included-gettext --enable-threads=posix --with-gxx-include-dir=/usr/include/c++/4.4 --libdir=/usr/lib --enable-nls --with-sysroot=/ --enable-clocale=gnu --enable-libstdcxx-debug --enable-objc-gc --enable-targets=all --disable-werror --with-arch-32=i686 --with-tune=generic --enable-checking=release --build=i686-linux-gnu --host=i686-linux-gnu --target=i686-linux-gnu
Thread model: posix
gcc version 4.4.5 (Ubuntu/Linaro 4.4.4-14ubuntu5) 
configure:3318: $? = 0
configure:3307: gcc -V >&5
gcc: '-V' option must have argument
configure:3318: $? = 1
configure:3307: gcc -qversion >&5
gcc: unrecognized option '-qversion'
gcc: no input files
configure:3318: $? = 1
configure:3338: checking whether the C compiler works
configure:3360: gcc    conftest.c  >&5
configure:3364: $? = 0
configure:3412: result: yes
configure:3415: checking for C compiler default output file name
configure:3417: result: a.out
configure:3423: checking for suffix of executables
configure:3430: gcc -o conftest    conftest.c  >&5
configure:3434: $? = 0
configure:3456: result: 
configure:3478: checking whether we are cross compiling
configure:3486: gcc -o conftest    conftest.c  >&5
configure:3490: $? = 0
configure:3497: ./conftest
configure:3501: $? = 0
configure:3516: result: no
configure:3521: checking for suffix of object files
configure:3543: gcc -c   conftest.c >&5
configure:3547: $? = 0
configure:3568: result: o
configure:3572: checking whether we are using the GNU C compiler
configure:3591: gcc -c   conftest.c >&5
configure:3591: $? = 0
configure:3600: result: yes
configure:3609: checking whether gcc accepts -g
configure:3629: gcc -c -g  conftest.c >&5
configure:3629: $? = 0
configure:3670: result: yes
configure:3687: checking for gcc option to accept ISO C89
configure:3751: gcc  -c -g -O2  conftest.c >&5
configure:3751: $? = 0
configure:3764: result: none needed
configure:3795: checking for style of include used by make
configure:3823: result: GNU
configure:3848: checking dependency style of gcc
configure:3958: result: gcc3
configure:4002: checking build system type
configure:4016: result: i686-pc-linux-gnu
configure:4036: checking host system type
configure:4049: result: i686-pc-linux-gnu
configure:4069: checking for a sed that does not truncate output
configure:4133: result: /bin/sed
configure:4151: checking for grep that handles long lines and -e
configure:4209: result: /bin/grep
configure:4214: checking for egrep
configure:4276: result: /bin/grep -E
configure:4281: checking for fgrep
configure:4343: result: /bin/grep -F
configure:4378: checking for ld used by gcc
configure:4445: result: /usr/bin/ld
configure:4452: checking if the linker (/usr/bin/ld) is GNU ld
configure:4467: result: yes
configure:4479: checking for BSD- or MS-compatible name lister (nm)
configure:4528: result: /usr/bin/nm -B
configure:4646: checking the name lister (/usr/bin/nm -B) interface
configure:4653: gcc -c -g -O2  conftest.c >&5
configure:4656: /usr/bin/nm -B "conftest.o"
configure:4659: output
00000000 B some_variable
configure:4666: result: BSD nm
configure:4669: checking whether ln -s works
configure:4673: result: yes
configure:4681: checking the maximum length of command line arguments
configure:4801: result: 1572864
configure:4818: checking whether the shell understands some XSI constructs
configure:4828: result: yes
configure:4832: checking whether the shell understands "+="
configure:4838: result: yes
configure:4873: checking for /usr/bin/ld option to reload object files
configure:4880: result: -r
configure:4949: checking for objdump
configure:4965: found /usr/bin/objdump
configure:4976: result: objdump
configure:5008: checking how to recognize dependent libraries
configure:5204: result: pass_all
configure:5264: checking for ar
configure:5280: found /usr/bin/ar
configure:5291: result: ar
configure:5369: checking for strip
configure:5385: found /usr/bin/strip
configure:5396: result: strip
configure:5468: checking for ranlib
configure:5484: found /usr/bin/ranlib
configure:5495: result: ranlib
configure:5585: checking command to parse /usr/bin/nm -B output from gcc object
configure:5703: gcc -c -g -O2  conftest.c >&5
configure:5706: $? = 0
configure:5710: /usr/bin/nm -B conftest.o \| sed -n -e 's/^.*[	 ]\([ABCDGIRSTW][ABCDGIRSTW]*\)[	 ][	 ]*\([_A-Za-z][_A-Za-z0-9]*\)$/\1 \2 \2/p' \> conftest.nm
configure:5713: $? = 0
configure:5767: gcc -o conftest -g -O2   conftest.c conftstm.o >&5
configure:5770: $? = 0
configure:5808: result: ok
configure:6617: checking how to run the C preprocessor
configure:6648: gcc -E  conftest.c
configure:6648: $? = 0
configure:6662: gcc -E  conftest.c
conftest.c:11: fatal error: ac_nonexistent.h: No such file or directory
compilation terminated.
configure:6662: $? = 1
configure: failed program was:
| /* confdefs.h */
| #define PACKAGE_NAME ""
| #define PACKAGE_TARNAME ""
| #define PACKAGE_VERSION ""
| #define PACKAGE_STRING ""
| #define PACKAGE_BUGREPORT ""
| #define PACKAGE_URL ""
| #define PACKAGE ""
| #define VERSION ""
| /* end confdefs.h.  */
| #include <ac_nonexistent.h>
configure:6687: result: gcc -E
configure:6707: gcc -E  conftest.c
configure:6707: $? = 0
configure:6721: gcc -E  conftest.c
conftest.c:11: fatal error: ac_nonexistent.h: No such file or directory
compilation terminated.
configure:6721: $? = 1
configure: failed program was:
| /* confdefs.h */
| #define PACKAGE_NAME ""
| #define PACKAGE_TARNAME ""
| #define PACKAGE_VERSION ""
| #define PACKAGE_STRING ""
| #define PACKAGE_BUGREPORT ""
| #define PACKAGE_URL ""
| #define PACKAGE ""
| #define VERSION ""
| /* end confdefs.h.  */
| #include <ac_nonexistent.h>
configure:6750: checking for ANSI C header files
configure:6770: gcc -c -g -O2  conftest.c >&5
configure:6770: $? = 0
configure:6843: gcc -o conftest -g -O2   conftest.c  >&5
configure:6843: $? = 0
configure:6843: ./conftest
configure:6843: $? = 0
configure:6854: result: yes
configure:6867: checking for sys/types.h
configure:6867: gcc -c -g -O2  conftest.c >&5
configure:6867: $? = 0
configure:6867: result: yes
configure:6867: checking for sys/stat.h
configure:6867: gcc -c -g -O2  conftest.c >&5
configure:6867: $? = 0
configure:6867: result: yes
configure:6867: checking for stdlib.h
configure:6867: gcc -c -g -O2  conftest.c >&5
configure:6867: $? = 0
configure:6867: result: yes
configure:6867: checking for string.h
configure:6867: gcc -c -g -O2  conftest.c >&5
configure:6867: $? = 0
configure:6867: result: yes
configure:6867: checking for memory.h
configure:6867: gcc -c -g -O2  conftest.c >&5
configure:6867: $? = 0
configure:6867: result: yes
configure:6867: checking for strings.h
configure:6867: gcc -c -g -O2  conftest.c >&5
configure:6867: $? = 0
configure:6867: result: yes
configure:6867: checking for inttypes.h
configure:6867: gcc -c -g -O2  conftest.c >&5
configure:6867: $? = 0
configure:6867: result: yes
configure:6867: checking for stdint.h
configure:6867: gcc -c -g -O2  conftest.c >&5
configure:6867: $? = 0
configure:6867: result: yes
configure:6867: checking for unistd.h
configure:6867: gcc -c -g -O2  conftest.c >&5
configure:6867: $? = 0
configure:6867: result: yes
configure:6881: checking for dlfcn.h
configure:6881: gcc -c -g -O2  conftest.c >&5
configure:6881: $? = 0
configure:6881: result: yes
configure:7065: checking for objdir
configure:7080: result: .libs
configure:7372: checking if gcc supports -fno-rtti -fno-exceptions
configure:7390: gcc -c -g -O2  -fno-rtti -fno-exceptions conftest.c >&5
cc1: warning: command line option "-fno-rtti" is valid for C++/ObjC++ but not for C
configure:7394: $? = 0
configure:7407: result: no
configure:7427: checking for gcc option to produce PIC
configure:7699: result: -fPIC -DPIC
configure:7711: checking if gcc PIC flag -fPIC -DPIC works
configure:7729: gcc -c -g -O2  -fPIC -DPIC -DPIC conftest.c >&5
configure:7733: $? = 0
configure:7746: result: yes
configure:7770: checking if gcc static flag -static works
configure:7798: result: yes
configure:7813: checking if gcc supports -c -o file.o
configure:7834: gcc -c -g -O2  -o out/conftest2.o conftest.c >&5
configure:7838: $? = 0
configure:7860: result: yes
configure:7868: checking if gcc supports -c -o file.o
configure:7915: result: yes
configure:7948: checking whether the gcc linker (/usr/bin/ld) supports shared libraries
configure:8939: result: yes
configure:8976: checking whether -lc should be explicitly linked in
configure:8981: gcc -c -g -O2  conftest.c >&5
configure:8984: $? = 0
configure:8999: gcc -shared conftest.o  -v -Wl,-soname -Wl,conftest -o conftest 2\>\&1 \| /bin/grep  -lc  \>/dev/null 2\>\&1
configure:9002: $? = 0
configure:9014: result: no
configure:9178: checking dynamic linker characteristics
configure:9611: gcc -o conftest -g -O2   -Wl,-rpath -Wl,/foo conftest.c  >&5
configure:9611: $? = 0
configure:9841: result: GNU/Linux ld.so
configure:9943: checking how to hardcode library paths into programs
configure:9968: result: immediate
configure:10488: checking whether stripping libraries is possible
configure:10493: result: yes
configure:10528: checking if libtool supports shared libraries
configure:10530: result: yes
configure:10533: checking whether to build shared libraries
configure:10554: result: yes
configure:10557: checking whether to build static libraries
configure:10561: result: yes
configure:10599: checking for pkg-config
configure:10615: found /usr/bin/pkg-config
configure:10627: result: yes
configure:10693: checking for pkg-config
configure:10711: found /usr/bin/pkg-config
configure:10723: result: /usr/bin/pkg-config
configure:10748: checking pkg-config is at least version 0.9.0
configure:10751: result: yes
configure:10761: checking for GST
configure:10769: $PKG_CONFIG --exists --print-errors "\
  gstreamer-$GST_MAJORMINOR >= $GST_REQUIRED"
configure:10773: $? = 0
configure:10788: $PKG_CONFIG --exists --print-errors "\
  gstreamer-$GST_MAJORMINOR >= $GST_REQUIRED"
configure:10792: $? = 0
configure:10832: result: yes
configure:10848: checking for GST_BASE
configure:10855: $PKG_CONFIG --exists --print-errors "gstreamer-base-$GST_MAJORMINOR >= $GST_REQUIRED"
configure:10858: $? = 0
configure:10871: $PKG_CONFIG --exists --print-errors "gstreamer-base-$GST_MAJORMINOR >= $GST_REQUIRED"
configure:10874: $? = 0
configure:10911: result: yes
configure:10926: checking for OPENCV
configure:10933: $PKG_CONFIG --exists --print-errors "opencv"
configure:10936: $? = 0
configure:10949: $PKG_CONFIG --exists --print-errors "opencv"
configure:10952: $? = 0
configure:10989: result: yes
configure:11003: checking for GSTPB_BASE
configure:11010: $PKG_CONFIG --exists --print-errors "gstreamer-plugins-base-$GST_MAJORMINOR >= $GSTPB_REQUIRED"
configure:11013: $? = 0
configure:11026: $PKG_CONFIG --exists --print-errors "gstreamer-plugins-base-$GST_MAJORMINOR >= $GSTPB_REQUIRED"
configure:11029: $? = 0
configure:11066: result: yes
configure:11137: checking for g++
configure:11153: found /usr/bin/g++
configure:11164: result: g++
configure:11191: checking for C++ compiler version
configure:11200: g++ --version >&5
g++ (Ubuntu/Linaro 4.4.4-14ubuntu5) 4.4.5
Copyright (C) 2010 Free Software Foundation, Inc.
This is free software; see the source for copying conditions.  There is NO
warranty; not even for MERCHANTABILITY or FITNESS FOR A PARTICULAR PURPOSE.

configure:11211: $? = 0
configure:11200: g++ -v >&5
Using built-in specs.
Target: i686-linux-gnu
Configured with: ../src/configure -v --with-pkgversion='Ubuntu/Linaro 4.4.4-14ubuntu5' --with-bugurl=file:///usr/share/doc/gcc-4.4/README.Bugs --enable-languages=c,c++,fortran,objc,obj-c++ --prefix=/usr --program-suffix=-4.4 --enable-shared --enable-multiarch --enable-linker-build-id --with-system-zlib --libexecdir=/usr/lib --without-included-gettext --enable-threads=posix --with-gxx-include-dir=/usr/include/c++/4.4 --libdir=/usr/lib --enable-nls --with-sysroot=/ --enable-clocale=gnu --enable-libstdcxx-debug --enable-objc-gc --enable-targets=all --disable-werror --with-arch-32=i686 --with-tune=generic --enable-checking=release --build=i686-linux-gnu --host=i686-linux-gnu --target=i686-linux-gnu
Thread model: posix
gcc version 4.4.5 (Ubuntu/Linaro 4.4.4-14ubuntu5) 
configure:11211: $? = 0
configure:11200: g++ -V >&5
g++: '-V' option must have argument
configure:11211: $? = 1
configure:11200: g++ -qversion >&5
g++: unrecognized option '-qversion'
g++: no input files
configure:11211: $? = 1
configure:11215: checking whether we are using the GNU C++ compiler
configure:11234: g++ -c   conftest.cpp >&5
configure:11234: $? = 0
configure:11243: result: yes
configure:11252: checking whether g++ accepts -g
configure:11272: g++ -c -g  conftest.cpp >&5
configure:11272: $? = 0
configure:11313: result: yes
configure:11338: checking dependency style of g++
configure:11448: result: gcc3
configure:11576: checking for C++ compiler version
configure:11585: g++ --version >&5
g++ (Ubuntu/Linaro 4.4.4-14ubuntu5) 4.4.5
Copyright (C) 2010 Free Software Foundation, Inc.
This is free software; see the source for copying conditions.  There is NO
warranty; not even for MERCHANTABILITY or FITNESS FOR A PARTICULAR PURPOSE.

configure:11596: $? = 0
configure:11585: g++ -v >&5
Using built-in specs.
Target: i686-linux-gnu
Configured with: ../src/configure -v --with-pkgversion='Ubuntu/Linaro 4.4.4-14ubuntu5' --with-bugurl=file:///usr/share/doc/gcc-4.4/README.Bugs --enable-languages=c,c++,fortran,objc,obj-c++ --prefix=/usr --program-suffix=-4.4 --enable-shared --enable-multiarch --enable-linker-build-id --with-system-zlib --libexecdir=/usr/lib --without-included-gettext --enable-threads=posix --with-gxx-include-dir=/usr/include/c++/4.4 --libdir=/usr/lib --enable-nls --with-sysroot=/ --enable-clocale=gnu --enable-libstdcxx-debug --enable-objc-gc --enable-targets=all --disable-werror --with-arch-32=i686 --with-tune=generic --enable-checking=release --build=i686-linux-gnu --host=i686-linux-gnu --target=i686-linux-gnu
Thread model: posix
gcc version 4.4.5 (Ubuntu/Linaro 4.4.4-14ubuntu5) 
configure:11596: $? = 0
configure:11585: g++ -V >&5
g++: '-V' option must have argument
configure:11596: $? = 1
configure:11585: g++ -qversion >&5
g++: unrecognized option '-qversion'
g++: no input files
configure:11596: $? = 1
configure:11600: checking whether we are using the GNU C++ compiler
configure:11628: result: yes
configure:11637: checking whether g++ accepts -g
configure:11698: result: yes
configure:11723: checking dependency style of g++
configure:11833: result: gcc3
configure:11856: checking how to run the C++ preprocessor
configure:11883: g++ -E  conftest.cpp
configure:11883: $? = 0
configure:11897: g++ -E  conftest.cpp
conftest.cpp:23: fatal error: ac_nonexistent.h: No such file or directory
compilation terminated.
configure:11897: $? = 1
configure: failed program was:
| /* confdefs.h */
| #define PACKAGE_NAME ""
| #define PACKAGE_TARNAME ""
| #define PACKAGE_VERSION ""
| #define PACKAGE_STRING ""
| #define PACKAGE_BUGREPORT ""
| #define PACKAGE_URL ""
| #define PACKAGE ""
| #define VERSION ""
| #define STDC_HEADERS 1
| #define HAVE_SYS_TYPES_H 1
| #define HAVE_SYS_STAT_H 1
| #define HAVE_STDLIB_H 1
| #define HAVE_STRING_H 1
| #define HAVE_MEMORY_H 1
| #define HAVE_STRINGS_H 1
| #define HAVE_INTTYPES_H 1
| #define HAVE_STDINT_H 1
| #define HAVE_UNISTD_H 1
| #define HAVE_DLFCN_H 1
| #define LT_OBJDIR ".libs/"
| /* end confdefs.h.  */
| #include <ac_nonexistent.h>
configure:11922: result: g++ -E
configure:11942: g++ -E  conftest.cpp
configure:11942: $? = 0
configure:11956: g++ -E  conftest.cpp
conftest.cpp:23: fatal error: ac_nonexistent.h: No such file or directory
compilation terminated.
configure:11956: $? = 1
configure: failed program was:
| /* confdefs.h */
| #define PACKAGE_NAME ""
| #define PACKAGE_TARNAME ""
| #define PACKAGE_VERSION ""
| #define PACKAGE_STRING ""
| #define PACKAGE_BUGREPORT ""
| #define PACKAGE_URL ""
| #define PACKAGE ""
| #define VERSION ""
| #define STDC_HEADERS 1
| #define HAVE_SYS_TYPES_H 1
| #define HAVE_SYS_STAT_H 1
| #define HAVE_STDLIB_H 1
| #define HAVE_STRING_H 1
| #define HAVE_MEMORY_H 1
| #define HAVE_STRINGS_H 1
| #define HAVE_INTTYPES_H 1
| #define HAVE_STDINT_H 1
| #define HAVE_UNISTD_H 1
| #define HAVE_DLFCN_H 1
| #define LT_OBJDIR ".libs/"
| /* end confdefs.h.  */
| #include <ac_nonexistent.h>
configure:12124: checking for ld used by g++
configure:12191: result: /usr/bin/ld
configure:12198: checking if the linker (/usr/bin/ld) is GNU ld
configure:12213: result: yes
configure:12268: checking whether the g++ linker (/usr/bin/ld) supports shared libraries
configure:13181: result: yes
configure:13209: g++ -c -g -O2  conftest.cpp >&5
configure:13212: $? = 0
configure:13394: checking for g++ option to produce PIC
configure:13711: result: -fPIC -DPIC
configure:13720: checking if g++ PIC flag -fPIC -DPIC works
configure:13738: g++ -c -g -O2  -fPIC -DPIC -DPIC conftest.cpp >&5
configure:13742: $? = 0
configure:13755: result: yes
configure:13776: checking if g++ static flag -static works
configure:13804: result: yes
configure:13816: checking if g++ supports -c -o file.o
configure:13837: g++ -c -g -O2  -o out/conftest2.o conftest.cpp >&5
configure:13841: $? = 0
configure:13863: result: yes
configure:13868: checking if g++ supports -c -o file.o
configure:13915: result: yes
configure:13945: checking whether the g++ linker (/usr/bin/ld) supports shared libraries
configure:13974: result: yes
configure:14111: checking dynamic linker characteristics
configure:14492: g++ -o conftest -g -O2   -Wl,-rpath -Wl,/foo conftest.cpp  >&5
configure:14492: $? = 0
configure:14722: result: GNU/Linux ld.so
configure:14773: checking how to hardcode library paths into programs
configure:14798: result: immediate
configure:14846: checking highgui.h usability
configure:14846: g++ -c -g -O2 -I/usr/include/opencv   conftest.cpp >&5
configure:14846: $? = 0
configure:14846: result: yes
configure:14846: checking highgui.h presence
configure:14846: g++ -E -I/usr/include/opencv   conftest.cpp
configure:14846: $? = 0
configure:14846: result: yes
configure:14846: checking for highgui.h
configure:14846: result: yes
configure:14858: checking cvaux.h usability
configure:14858: g++ -c -g -O2 -I/usr/include/opencv   conftest.cpp >&5
configure:14858: $? = 0
configure:14858: result: yes
configure:14858: checking cvaux.h presence
configure:14858: g++ -E -I/usr/include/opencv   conftest.cpp
configure:14858: $? = 0
configure:14858: result: yes
configure:14858: checking for cvaux.h
configure:14858: result: yes
configure:15019: creating ./config.status

## ---------------------- ##
## Running config.status. ##
## ---------------------- ##

This file was extended by config.status, which was
generated by GNU Autoconf 2.67.  Invocation command line was

  CONFIG_FILES    = 
  CONFIG_HEADERS  = 
  CONFIG_LINKS    = 
  CONFIG_COMMANDS = 
  $ ./config.status 

on chevilio

config.status:1149: creating Makefile
config.status:1149: creating src/Makefile
config.status:1149: creating config.h
config.status:1329: config.h is unchanged
config.status:1377: executing depfiles commands
config.status:1377: executing libtool commands

## ---------------- ##
## Cache variables. ##
## ---------------- ##

ac_cv_build=i686-pc-linux-gnu
ac_cv_c_compiler_gnu=yes
ac_cv_cxx_compiler_gnu=yes
ac_cv_env_CCC_set=
ac_cv_env_CCC_value=
ac_cv_env_CC_set=
ac_cv_env_CC_value=
ac_cv_env_CFLAGS_set=
ac_cv_env_CFLAGS_value=
ac_cv_env_CPPFLAGS_set=
ac_cv_env_CPPFLAGS_value=
ac_cv_env_CPP_set=
ac_cv_env_CPP_value=
ac_cv_env_CXXCPP_set=
ac_cv_env_CXXCPP_value=
ac_cv_env_CXXFLAGS_set=
ac_cv_env_CXXFLAGS_value=
ac_cv_env_CXX_set=
ac_cv_env_CXX_value=
ac_cv_env_GSTPB_BASE_CFLAGS_set=
ac_cv_env_GSTPB_BASE_CFLAGS_value=
ac_cv_env_GSTPB_BASE_LIBS_set=
ac_cv_env_GSTPB_BASE_LIBS_value=
ac_cv_env_GST_BASE_CFLAGS_set=
ac_cv_env_GST_BASE_CFLAGS_value=
ac_cv_env_GST_BASE_LIBS_set=
ac_cv_env_GST_BASE_LIBS_value=
ac_cv_env_GST_CFLAGS_set=
ac_cv_env_GST_CFLAGS_value=
ac_cv_env_GST_LIBS_set=
ac_cv_env_GST_LIBS_value=
ac_cv_env_LDFLAGS_set=
ac_cv_env_LDFLAGS_value=
ac_cv_env_LIBS_set=
ac_cv_env_LIBS_value=
ac_cv_env_OPENCV_CFLAGS_set=
ac_cv_env_OPENCV_CFLAGS_value=
ac_cv_env_OPENCV_LIBS_set=
ac_cv_env_OPENCV_LIBS_value=
ac_cv_env_PKG_CONFIG_LIBDIR_set=
ac_cv_env_PKG_CONFIG_LIBDIR_value=
ac_cv_env_PKG_CONFIG_PATH_set=
ac_cv_env_PKG_CONFIG_PATH_value=
ac_cv_env_PKG_CONFIG_set=
ac_cv_env_PKG_CONFIG_value=
ac_cv_env_build_alias_set=
ac_cv_env_build_alias_value=
ac_cv_env_host_alias_set=
ac_cv_env_host_alias_value=
ac_cv_env_target_alias_set=
ac_cv_env_target_alias_value=
ac_cv_header_cvaux_h=yes
ac_cv_header_dlfcn_h=yes
ac_cv_header_highgui_h=yes
ac_cv_header_inttypes_h=yes
ac_cv_header_memory_h=yes
ac_cv_header_stdc=yes
ac_cv_header_stdint_h=yes
ac_cv_header_stdlib_h=yes
ac_cv_header_string_h=yes
ac_cv_header_strings_h=yes
ac_cv_header_sys_stat_h=yes
ac_cv_header_sys_types_h=yes
ac_cv_header_unistd_h=yes
ac_cv_host=i686-pc-linux-gnu
ac_cv_objext=o
ac_cv_path_EGREP='/bin/grep -E'
ac_cv_path_FGREP='/bin/grep -F'
ac_cv_path_GREP=/bin/grep
ac_cv_path_SED=/bin/sed
ac_cv_path_ac_pt_PKG_CONFIG=/usr/bin/pkg-config
ac_cv_path_install='/usr/bin/install -c'
ac_cv_path_mkdir=/bin/mkdir
ac_cv_prog_AWK=gawk
ac_cv_prog_CPP='gcc -E'
ac_cv_prog_CXXCPP='g++ -E'
ac_cv_prog_HAVE_PKGCONFIG=yes
ac_cv_prog_ac_ct_AR=ar
ac_cv_prog_ac_ct_CC=gcc
ac_cv_prog_ac_ct_CXX=g++
ac_cv_prog_ac_ct_OBJDUMP=objdump
ac_cv_prog_ac_ct_RANLIB=ranlib
ac_cv_prog_ac_ct_STRIP=strip
ac_cv_prog_cc_c89=
ac_cv_prog_cc_g=yes
ac_cv_prog_cxx_g=yes
ac_cv_prog_make_make_set=yes
am_cv_CC_dependencies_compiler_type=gcc3
am_cv_CXX_dependencies_compiler_type=gcc3
lt_cv_deplibs_check_method=pass_all
lt_cv_file_magic_cmd='$MAGIC_CMD'
lt_cv_file_magic_test_file=
lt_cv_ld_reload_flag=-r
lt_cv_nm_interface='BSD nm'
lt_cv_objdir=.libs
lt_cv_path_LD=/usr/bin/ld
lt_cv_path_LDCXX=/usr/bin/ld
lt_cv_path_NM='/usr/bin/nm -B'
lt_cv_prog_compiler_c_o=yes
lt_cv_prog_compiler_c_o_CXX=yes
lt_cv_prog_compiler_pic_works=yes
lt_cv_prog_compiler_pic_works_CXX=yes
lt_cv_prog_compiler_rtti_exceptions=no
lt_cv_prog_compiler_static_works=yes
lt_cv_prog_compiler_static_works_CXX=yes
lt_cv_prog_gnu_ld=yes
lt_cv_prog_gnu_ldcxx=yes
lt_cv_sys_global_symbol_pipe='sed -n -e '\''s/^.*[	 ]\([ABCDGIRSTW][ABCDGIRSTW]*\)[	 ][	 ]*\([_A-Za-z][_A-Za-z0-9]*\)$/\1 \2 \2/p'\'''
lt_cv_sys_global_symbol_to_c_name_address='sed -n -e '\''s/^: \([^ ]*\) $/  {\"\1\", (void *) 0},/p'\'' -e '\''s/^[ABCDGIRSTW]* \([^ ]*\) \([^ ]*\)$/  {"\2", (void *) \&\2},/p'\'''
lt_cv_sys_global_symbol_to_c_name_address_lib_prefix='sed -n -e '\''s/^: \([^ ]*\) $/  {\"\1\", (void *) 0},/p'\'' -e '\''s/^[ABCDGIRSTW]* \([^ ]*\) \(lib[^ ]*\)$/  {"\2", (void *) \&\2},/p'\'' -e '\''s/^[ABCDGIRSTW]* \([^ ]*\) \([^ ]*\)$/  {"lib\2", (void *) \&\2},/p'\'''
lt_cv_sys_global_symbol_to_cdecl='sed -n -e '\''s/^T .* \(.*\)$/extern int \1();/p'\'' -e '\''s/^[ABCDGIRSTW]* .* \(.*\)$/extern char \1;/p'\'''
lt_cv_sys_max_cmd_len=1572864
pkg_cv_GSTPB_BASE_CFLAGS='-pthread -I/usr/include/gstreamer-0.10 -I/usr/include/glib-2.0 -I/usr/lib/glib-2.0/include -I/usr/include/libxml2  '
pkg_cv_GSTPB_BASE_LIBS='-pthread -lgstreamer-0.10 -lgobject-2.0 -lgmodule-2.0 -lxml2 -lgthread-2.0 -lrt -lglib-2.0  '
pkg_cv_GST_BASE_CFLAGS='-pthread -I/usr/include/gstreamer-0.10 -I/usr/include/glib-2.0 -I/usr/lib/glib-2.0/include -I/usr/include/libxml2  '
pkg_cv_GST_BASE_LIBS='-pthread -lgstbase-0.10 -lgstreamer-0.10 -lgobject-2.0 -lgmodule-2.0 -lxml2 -lgthread-2.0 -lrt -lglib-2.0  '
pkg_cv_GST_CFLAGS='-pthread -I/usr/include/gstreamer-0.10 -I/usr/include/glib-2.0 -I/usr/lib/glib-2.0/include -I/usr/include/libxml2  '
pkg_cv_GST_LIBS='-pthread -lgstreamer-0.10 -lgobject-2.0 -lgmodule-2.0 -lxml2 -lgthread-2.0 -lrt -lglib-2.0  '
pkg_cv_OPENCV_CFLAGS='-I/usr/include/opencv  '
pkg_cv_OPENCV_LIBS='-lml -lcvaux -lhighgui -lcv -lcxcore  '

## ----------------- ##
## Output variables. ##
## ----------------- ##

ACLOCAL='${SHELL} /usr/src/gst-imgspot/missing --run aclocal-1.11'
ACLOCAL_AMFLAGS='-I m4'
AMDEPBACKSLASH='\'
AMDEP_FALSE='#'
AMDEP_TRUE=''
AMTAR='${SHELL} /usr/src/gst-imgspot/missing --run tar'
AR='ar'
AUTOCONF='${SHELL} /usr/src/gst-imgspot/missing --run autoconf'
AUTOHEADER='${SHELL} /usr/src/gst-imgspot/missing --run autoheader'
AUTOMAKE='${SHELL} /usr/src/gst-imgspot/missing --run automake-1.11'
AWK='gawk'
CC='gcc'
CCDEPMODE='depmode=gcc3'
CFLAGS='-g -O2'
CPP='gcc -E'
CPPFLAGS=''
CXX='g++'
CXXCPP='g++ -E'
CXXDEPMODE='depmode=gcc3'
CXXFLAGS='-g -O2'
CYGPATH_W='echo'
DEFS='-DHAVE_CONFIG_H'
DEPDIR='.deps'
DSYMUTIL=''
DUMPBIN=''
ECHO_C=''
ECHO_N='-n'
ECHO_T=''
EGREP='/bin/grep -E'
EXEEXT=''
FGREP='/bin/grep -F'
GREP='/bin/grep'
GSTCTRL_CFLAGS=''
GSTCTRL_LIBS=''
GSTPB_BASE_CFLAGS='-pthread -I/usr/include/gstreamer-0.10 -I/usr/include/glib-2.0 -I/usr/lib/glib-2.0/include -I/usr/include/libxml2  '
GSTPB_BASE_LIBS='-pthread -lgstreamer-0.10 -lgobject-2.0 -lgmodule-2.0 -lxml2 -lgthread-2.0 -lrt -lglib-2.0  '
GST_BASE_CFLAGS='-pthread -I/usr/include/gstreamer-0.10 -I/usr/include/glib-2.0 -I/usr/lib/glib-2.0/include -I/usr/include/libxml2  '
GST_BASE_LIBS='-pthread -lgstbase-0.10 -lgstreamer-0.10 -lgobject-2.0 -lgmodule-2.0 -lxml2 -lgthread-2.0 -lrt -lglib-2.0  '
GST_CFLAGS='-pthread -I/usr/include/gstreamer-0.10 -I/usr/include/glib-2.0 -I/usr/lib/glib-2.0/include -I/usr/include/libxml2  '
GST_LIBS='-pthread -lgstreamer-0.10 -lgobject-2.0 -lgmodule-2.0 -lxml2 -lgthread-2.0 -lrt -lglib-2.0  '
GST_MAJORMINOR='0.10'
GST_PLUGIN_LDFLAGS='-module -avoid-version -export-symbols-regex _*\(gst_\|Gst\|GST_\).*'
HAVE_PKGCONFIG='yes'
INSTALL_DATA='${INSTALL} -m 644'
INSTALL_PROGRAM='${INSTALL}'
INSTALL_SCRIPT='${INSTALL}'
INSTALL_STRIP_PROGRAM='$(install_sh) -c -s'
LD='/usr/bin/ld'
LDFLAGS=''
LIBOBJS=''
LIBS=''
LIBTOOL='$(SHELL) $(top_builddir)/libtool'
LIPO=''
LN_S='ln -s'
LTLIBOBJS=''
MAKEINFO='${SHELL} /usr/src/gst-imgspot/missing --run makeinfo'
MKDIR_P='/bin/mkdir -p'
NM='/usr/bin/nm -B'
NMEDIT=''
OBJDUMP='objdump'
OBJEXT='o'
OPENCV_CFLAGS='-I/usr/include/opencv  '
OPENCV_LIBS='-lml -lcvaux -lhighgui -lcv -lcxcore  '
OTOOL64=''
OTOOL=''
PACKAGE=''
PACKAGE_BUGREPORT=''
PACKAGE_NAME=''
PACKAGE_STRING=''
PACKAGE_TARNAME=''
PACKAGE_URL=''
PACKAGE_VERSION=''
PATH_SEPARATOR=':'
PKG_CONFIG='/usr/bin/pkg-config'
PKG_CONFIG_LIBDIR=''
PKG_CONFIG_PATH=''
RANLIB='ranlib'
SED='/bin/sed'
SET_MAKE=''
SHELL='/bin/bash'
STRIP='strip'
VERSION=''
ac_ct_CC='gcc'
ac_ct_CXX='g++'
ac_ct_DUMPBIN=''
am__EXEEXT_FALSE=''
am__EXEEXT_TRUE='#'
am__fastdepCC_FALSE='#'
am__fastdepCC_TRUE=''
am__fastdepCXX_FALSE='#'
am__fastdepCXX_TRUE=''
am__include='include'
am__isrc=''
am__leading_dot='.'
am__quote=''
am__tar='${AMTAR} chof - "$$tardir"'
am__untar='${AMTAR} xf -'
bindir='${exec_prefix}/bin'
build='i686-pc-linux-gnu'
build_alias=''
build_cpu='i686'
build_os='linux-gnu'
build_vendor='pc'
datadir='${datarootdir}'
datarootdir='${prefix}/share'
docdir='${datarootdir}/doc/${PACKAGE}'
dvidir='${docdir}'
exec_prefix='${prefix}'
host='i686-pc-linux-gnu'
host_alias=''
host_cpu='i686'
host_os='linux-gnu'
host_vendor='pc'
htmldir='${docdir}'
includedir='${prefix}/include'
infodir='${datarootdir}/info'
install_sh='${SHELL} /usr/src/gst-imgspot/install-sh'
libdir='${exec_prefix}/lib'
libexecdir='${exec_prefix}/libexec'
localedir='${datarootdir}/locale'
localstatedir='${prefix}/var'
lt_ECHO='echo'
mandir='${datarootdir}/man'
mkdir_p='/bin/mkdir -p'
oldincludedir='/usr/include'
pdfdir='${docdir}'
plugindir='$(libdir)/gstreamer-0.10'
prefix='/usr/local'
program_transform_name='s,x,x,'
psdir='${docdir}'
sbindir='${exec_prefix}/sbin'
sharedstatedir='${prefix}/com'
sysconfdir='${prefix}/etc'
target_alias=''

## ----------- ##
## confdefs.h. ##
## ----------- ##

/* confdefs.h */
#define PACKAGE_NAME ""
#define PACKAGE_TARNAME ""
#define PACKAGE_VERSION ""
#define PACKAGE_STRING ""
#define PACKAGE_BUGREPORT ""
#define PACKAGE_URL ""
#define PACKAGE ""
#define VERSION ""
#define STDC_HEADERS 1
#define HAVE_SYS_TYPES_H 1
#define HAVE_SYS_STAT_H 1
#define HAVE_STDLIB_H 1
#define HAVE_STRING_H 1
#define HAVE_MEMORY_H 1
#define HAVE_STRINGS_H 1
#define HAVE_INTTYPES_H 1
#define HAVE_STDINT_H 1
#define HAVE_UNISTD_H 1
#define HAVE_DLFCN_H 1
#define LT_OBJDIR ".libs/"

configure: exit 0
